{"/home/pnkazlou/Programming/INCUBATOR/backend-app/__tests__/datasets.ts": {"path":"/home/pnkazlou/Programming/INCUBATOR/backend-app/__tests__/datasets.ts","statementMap":{"0":{"start":{"line":2,"column":0},"end":{"line":2,"column":53}},"1":{"start":{"line":6,"column":13},"end":{"line":15,"column":null}},"2":{"start":{"line":19,"column":13},"end":{"line":21,"column":null}}},"fnMap":{},"branchMap":{},"s":{"0":1,"1":1,"2":1},"f":{},"b":{}}
,"/home/pnkazlou/Programming/INCUBATOR/backend-app/__tests__/test-helpers.ts": {"path":"/home/pnkazlou/Programming/INCUBATOR/backend-app/__tests__/test-helpers.ts","statementMap":{"0":{"start":{"line":1,"column":0},"end":{"line":1,"column":30}},"1":{"start":{"line":2,"column":0},"end":{"line":2,"column":31}},"2":{"start":{"line":4,"column":13},"end":{"line":4,"column":null}}},"fnMap":{},"branchMap":{},"s":{"0":1,"1":1,"2":1},"f":{},"b":{}}
,"/home/pnkazlou/Programming/INCUBATOR/backend-app/src/app.ts": {"path":"/home/pnkazlou/Programming/INCUBATOR/backend-app/src/app.ts","statementMap":{"0":{"start":{"line":1,"column":0},"end":{"line":1,"column":30}},"1":{"start":{"line":2,"column":0},"end":{"line":2,"column":24}},"2":{"start":{"line":3,"column":0},"end":{"line":3,"column":53}},"3":{"start":{"line":4,"column":0},"end":{"line":4,"column":38}},"4":{"start":{"line":5,"column":0},"end":{"line":5,"column":32}},"5":{"start":{"line":7,"column":13},"end":{"line":7,"column":29}},"6":{"start":{"line":9,"column":0},"end":{"line":9,"column":24}},"7":{"start":{"line":10,"column":0},"end":{"line":10,"column":16}},"8":{"start":{"line":12,"column":0},"end":{"line":12,"column":43}},"9":{"start":{"line":14,"column":0},"end":{"line":17,"column":3}},"10":{"start":{"line":16,"column":2},"end":{"line":16,"column":43}},"11":{"start":{"line":19,"column":0},"end":{"line":22,"column":3}},"12":{"start":{"line":20,"column":2},"end":{"line":20,"column":10}},"13":{"start":{"line":21,"column":2},"end":{"line":21,"column":22}}},"fnMap":{"0":{"name":"(anonymous_1)","decl":{"start":{"line":14,"column":13},"end":{"line":14,"column":14}},"loc":{"start":{"line":14,"column":26},"end":{"line":17,"column":1}}},"1":{"name":"(anonymous_2)","decl":{"start":{"line":19,"column":32},"end":{"line":19,"column":33}},"loc":{"start":{"line":19,"column":45},"end":{"line":22,"column":1}}}},"branchMap":{},"s":{"0":1,"1":1,"2":1,"3":1,"4":1,"5":1,"6":1,"7":1,"8":1,"9":1,"10":1,"11":1,"12":1,"13":1},"f":{"0":1,"1":1},"b":{}}
,"/home/pnkazlou/Programming/INCUBATOR/backend-app/src/settings.ts": {"path":"/home/pnkazlou/Programming/INCUBATOR/backend-app/src/settings.ts","statementMap":{"0":{"start":{"line":1,"column":0},"end":{"line":1,"column":29}},"1":{"start":{"line":2,"column":0},"end":{"line":2,"column":9}},"2":{"start":{"line":4,"column":13},"end":{"line":10,"column":null}}},"fnMap":{},"branchMap":{"0":{"loc":{"start":{"line":6,"column":10},"end":{"line":6,"column":34}},"type":"binary-expr","locations":[{"start":{"line":6,"column":10},"end":{"line":6,"column":26}},{"start":{"line":6,"column":30},"end":{"line":6,"column":34}}]}},"s":{"0":1,"1":1,"2":1},"f":{},"b":{"0":[1,1]}}
,"/home/pnkazlou/Programming/INCUBATOR/backend-app/src/db/db.ts": {"path":"/home/pnkazlou/Programming/INCUBATOR/backend-app/src/db/db.ts","statementMap":{"0":{"start":{"line":8,"column":13},"end":{"line":11,"column":null}},"1":{"start":{"line":14,"column":21},"end":{"line":24,"column":1}},"2":{"start":{"line":15,"column":4},"end":{"line":19,"column":5}},"3":{"start":{"line":16,"column":8},"end":{"line":16,"column":null}},"4":{"start":{"line":18,"column":8},"end":{"line":18,"column":14}},"5":{"start":{"line":22,"column":4},"end":{"line":22,"column":null}},"6":{"start":{"line":14,"column":13},"end":{"line":14,"column":21}}},"fnMap":{"0":{"name":"(anonymous_0)","decl":{"start":{"line":14,"column":21},"end":{"line":14,"column":22}},"loc":{"start":{"line":14,"column":51},"end":{"line":24,"column":1}}}},"branchMap":{"0":{"loc":{"start":{"line":15,"column":4},"end":{"line":19,"column":5}},"type":"if","locations":[{"start":{"line":15,"column":4},"end":{"line":19,"column":5}}]},"1":{"loc":{"start":{"line":22,"column":16},"end":{"line":22,"column":43}},"type":"binary-expr","locations":[{"start":{"line":22,"column":16},"end":{"line":22,"column":30}},{"start":{"line":22,"column":34},"end":{"line":22,"column":43}}]}},"s":{"0":1,"1":1,"2":13,"3":11,"4":11,"5":2,"6":1},"f":{"0":13},"b":{"0":[11],"1":[2,0]}}
,"/home/pnkazlou/Programming/INCUBATOR/backend-app/src/db/video-db-type.ts": {"path":"/home/pnkazlou/Programming/INCUBATOR/backend-app/src/db/video-db-type.ts","statementMap":{"0":{"start":{"line":12,"column":0},"end":{"line":12,"column":null}},"1":{"start":{"line":13,"column":2},"end":{"line":13,"column":null}},"2":{"start":{"line":14,"column":2},"end":{"line":14,"column":null}},"3":{"start":{"line":15,"column":2},"end":{"line":15,"column":null}},"4":{"start":{"line":16,"column":2},"end":{"line":16,"column":null}},"5":{"start":{"line":17,"column":2},"end":{"line":17,"column":null}},"6":{"start":{"line":18,"column":2},"end":{"line":18,"column":null}},"7":{"start":{"line":19,"column":2},"end":{"line":19,"column":null}},"8":{"start":{"line":20,"column":2},"end":{"line":20,"column":null}}},"fnMap":{"0":{"name":"(anonymous_0)","decl":{"start":{"line":12,"column":0},"end":{"line":12,"column":12}},"loc":{"start":{"line":12,"column":23},"end":{"line":21,"column":1}}}},"branchMap":{"0":{"loc":{"start":{"line":12,"column":12},"end":{"line":12,"column":null}},"type":"binary-expr","locations":[{"start":{"line":12,"column":12},"end":{"line":12,"column":23}},{"start":{"line":12,"column":23},"end":{"line":12,"column":null}}]}},"s":{"0":1,"1":1,"2":1,"3":1,"4":1,"5":1,"6":1,"7":1,"8":1},"f":{"0":1},"b":{"0":[1,1]}}
,"/home/pnkazlou/Programming/INCUBATOR/backend-app/src/videos/videos.controller.ts": {"path":"/home/pnkazlou/Programming/INCUBATOR/backend-app/src/videos/videos.controller.ts","statementMap":{"0":{"start":{"line":2,"column":0},"end":{"line":2,"column":30}},"1":{"start":{"line":5,"column":0},"end":{"line":5,"column":50}},"2":{"start":{"line":7,"column":24},"end":{"line":32,"column":1}},"3":{"start":{"line":8,"column":35},"end":{"line":11,"column":4}},"4":{"start":{"line":13,"column":2},"end":{"line":18,"column":3}},"5":{"start":{"line":13,"column":91},"end":{"line":13,"column":106}},"6":{"start":{"line":14,"column":4},"end":{"line":17,"column":7}},"7":{"start":{"line":19,"column":2},"end":{"line":24,"column":3}},"8":{"start":{"line":20,"column":4},"end":{"line":23,"column":7}},"9":{"start":{"line":25,"column":2},"end":{"line":30,"column":3}},"10":{"start":{"line":26,"column":4},"end":{"line":29,"column":7}},"11":{"start":{"line":31,"column":2},"end":{"line":31,"column":16}},"12":{"start":{"line":34,"column":13},"end":{"line":117,"column":2}},"13":{"start":{"line":35,"column":70},"end":{"line":39,"column":null}},"14":{"start":{"line":36,"column":19},"end":{"line":36,"column":28}},"15":{"start":{"line":38,"column":4},"end":{"line":38,"column":33}},"16":{"start":{"line":40,"column":83},"end":{"line":48,"column":null}},"17":{"start":{"line":41,"column":18},"end":{"line":41,"column":72}},"18":{"start":{"line":41,"column":44},"end":{"line":41,"column":71}},"19":{"start":{"line":43,"column":4},"end":{"line":45,"column":5}},"20":{"start":{"line":44,"column":6},"end":{"line":44,"column":26}},"21":{"start":{"line":47,"column":4},"end":{"line":47,"column":32}},"22":{"start":{"line":49,"column":77},"end":{"line":72,"column":null}},"23":{"start":{"line":50,"column":19},"end":{"line":50,"column":44}},"24":{"start":{"line":51,"column":4},"end":{"line":55,"column":5}},"25":{"start":{"line":53,"column":6},"end":{"line":53,"column":35}},"26":{"start":{"line":54,"column":6},"end":{"line":54,"column":13}},"27":{"start":{"line":56,"column":20},"end":{"line":56,"column":28}},"28":{"start":{"line":58,"column":36},"end":{"line":67,"column":6}},"29":{"start":{"line":69,"column":4},"end":{"line":69,"column":41}},"30":{"start":{"line":71,"column":4},"end":{"line":71,"column":35}},"31":{"start":{"line":73,"column":95},"end":{"line":105,"column":null}},"32":{"start":{"line":74,"column":18},"end":{"line":74,"column":72}},"33":{"start":{"line":74,"column":44},"end":{"line":74,"column":71}},"34":{"start":{"line":76,"column":19},"end":{"line":76,"column":44}},"35":{"start":{"line":77,"column":4},"end":{"line":81,"column":5}},"36":{"start":{"line":79,"column":6},"end":{"line":79,"column":35}},"37":{"start":{"line":80,"column":6},"end":{"line":80,"column":13}},"38":{"start":{"line":83,"column":4},"end":{"line":86,"column":5}},"39":{"start":{"line":84,"column":6},"end":{"line":84,"column":26}},"40":{"start":{"line":85,"column":6},"end":{"line":85,"column":13}},"41":{"start":{"line":88,"column":20},"end":{"line":88,"column":28}},"42":{"start":{"line":90,"column":4},"end":{"line":102,"column":6}},"43":{"start":{"line":91,"column":6},"end":{"line":101,"column":15}},"44":{"start":{"line":104,"column":4},"end":{"line":104,"column":24}},"45":{"start":{"line":106,"column":69},"end":{"line":116,"column":null}},"46":{"start":{"line":107,"column":18},"end":{"line":107,"column":72}},"47":{"start":{"line":107,"column":44},"end":{"line":107,"column":71}},"48":{"start":{"line":109,"column":4},"end":{"line":112,"column":5}},"49":{"start":{"line":110,"column":6},"end":{"line":110,"column":26}},"50":{"start":{"line":111,"column":6},"end":{"line":111,"column":13}},"51":{"start":{"line":114,"column":4},"end":{"line":114,"column":73}},"52":{"start":{"line":114,"column":44},"end":{"line":114,"column":71}},"53":{"start":{"line":115,"column":4},"end":{"line":115,"column":24}}},"fnMap":{"0":{"name":"(anonymous_7)","decl":{"start":{"line":7,"column":24},"end":{"line":7,"column":25}},"loc":{"start":{"line":7,"column":50},"end":{"line":32,"column":1}}},"1":{"name":"(anonymous_8)","decl":{"start":{"line":13,"column":84},"end":{"line":13,"column":85}},"loc":{"start":{"line":13,"column":91},"end":{"line":13,"column":106}}},"2":{"name":"(anonymous_9)","decl":{"start":{"line":35,"column":13},"end":{"line":35,"column":20}},"loc":{"start":{"line":35,"column":70},"end":{"line":39,"column":null}}},"3":{"name":"(anonymous_10)","decl":{"start":{"line":35,"column":70},"end":{"line":35,"column":null}},"loc":{"start":{"line":35,"column":70},"end":{"line":39,"column":3}}},"4":{"name":"(anonymous_11)","decl":{"start":{"line":40,"column":12},"end":{"line":40,"column":19}},"loc":{"start":{"line":40,"column":83},"end":{"line":48,"column":null}}},"5":{"name":"(anonymous_12)","decl":{"start":{"line":40,"column":83},"end":{"line":40,"column":null}},"loc":{"start":{"line":40,"column":83},"end":{"line":48,"column":3}}},"6":{"name":"(anonymous_13)","decl":{"start":{"line":41,"column":33},"end":{"line":41,"column":34}},"loc":{"start":{"line":41,"column":44},"end":{"line":41,"column":71}}},"7":{"name":"(anonymous_14)","decl":{"start":{"line":49,"column":15},"end":{"line":49,"column":22}},"loc":{"start":{"line":49,"column":77},"end":{"line":72,"column":null}}},"8":{"name":"(anonymous_15)","decl":{"start":{"line":49,"column":77},"end":{"line":49,"column":null}},"loc":{"start":{"line":49,"column":77},"end":{"line":72,"column":3}}},"9":{"name":"(anonymous_16)","decl":{"start":{"line":73,"column":15},"end":{"line":73,"column":22}},"loc":{"start":{"line":73,"column":95},"end":{"line":105,"column":null}}},"10":{"name":"(anonymous_17)","decl":{"start":{"line":73,"column":95},"end":{"line":73,"column":null}},"loc":{"start":{"line":73,"column":95},"end":{"line":105,"column":3}}},"11":{"name":"(anonymous_18)","decl":{"start":{"line":74,"column":33},"end":{"line":74,"column":34}},"loc":{"start":{"line":74,"column":44},"end":{"line":74,"column":71}}},"12":{"name":"(anonymous_19)","decl":{"start":{"line":90,"column":30},"end":{"line":90,"column":31}},"loc":{"start":{"line":91,"column":6},"end":{"line":101,"column":15}}},"13":{"name":"(anonymous_20)","decl":{"start":{"line":106,"column":15},"end":{"line":106,"column":22}},"loc":{"start":{"line":106,"column":69},"end":{"line":116,"column":null}}},"14":{"name":"(anonymous_21)","decl":{"start":{"line":106,"column":69},"end":{"line":106,"column":null}},"loc":{"start":{"line":106,"column":69},"end":{"line":116,"column":3}}},"15":{"name":"(anonymous_22)","decl":{"start":{"line":107,"column":33},"end":{"line":107,"column":34}},"loc":{"start":{"line":107,"column":44},"end":{"line":107,"column":71}}},"16":{"name":"(anonymous_23)","decl":{"start":{"line":114,"column":33},"end":{"line":114,"column":34}},"loc":{"start":{"line":114,"column":44},"end":{"line":114,"column":71}}}},"branchMap":{"0":{"loc":{"start":{"line":13,"column":2},"end":{"line":18,"column":3}},"type":"if","locations":[{"start":{"line":13,"column":2},"end":{"line":18,"column":3}}]},"1":{"loc":{"start":{"line":13,"column":6},"end":{"line":13,"column":107}},"type":"binary-expr","locations":[{"start":{"line":13,"column":6},"end":{"line":13,"column":48}},{"start":{"line":13,"column":52},"end":{"line":13,"column":107}}]},"2":{"loc":{"start":{"line":19,"column":2},"end":{"line":24,"column":3}},"type":"if","locations":[{"start":{"line":19,"column":2},"end":{"line":24,"column":3}}]},"3":{"loc":{"start":{"line":19,"column":6},"end":{"line":19,"column":50}},"type":"binary-expr","locations":[{"start":{"line":19,"column":6},"end":{"line":19,"column":33}},{"start":{"line":19,"column":37},"end":{"line":19,"column":50}}]},"4":{"loc":{"start":{"line":19,"column":6},"end":{"line":19,"column":26}},"type":"cond-expr","locations":[{"start":{"line":19,"column":18},"end":{"line":19,"column":20}},{"start":{"line":19,"column":18},"end":{"line":19,"column":26}}]},"5":{"loc":{"start":{"line":19,"column":6},"end":{"line":19,"column":20}},"type":"binary-expr","locations":[{"start":{"line":19,"column":6},"end":{"line":19,"column":20}},{"start":{"line":19,"column":18},"end":{"line":19,"column":20}}]},"6":{"loc":{"start":{"line":25,"column":2},"end":{"line":30,"column":3}},"type":"if","locations":[{"start":{"line":25,"column":2},"end":{"line":30,"column":3}}]},"7":{"loc":{"start":{"line":25,"column":6},"end":{"line":25,"column":48}},"type":"binary-expr","locations":[{"start":{"line":25,"column":6},"end":{"line":25,"column":32}},{"start":{"line":25,"column":36},"end":{"line":25,"column":48}}]},"8":{"loc":{"start":{"line":25,"column":6},"end":{"line":25,"column":25}},"type":"cond-expr","locations":[{"start":{"line":25,"column":17},"end":{"line":25,"column":19}},{"start":{"line":25,"column":17},"end":{"line":25,"column":25}}]},"9":{"loc":{"start":{"line":25,"column":6},"end":{"line":25,"column":19}},"type":"binary-expr","locations":[{"start":{"line":25,"column":6},"end":{"line":25,"column":19}},{"start":{"line":25,"column":17},"end":{"line":25,"column":19}}]},"10":{"loc":{"start":{"line":43,"column":4},"end":{"line":45,"column":5}},"type":"if","locations":[{"start":{"line":43,"column":4},"end":{"line":45,"column":5}}]},"11":{"loc":{"start":{"line":51,"column":4},"end":{"line":55,"column":5}},"type":"if","locations":[{"start":{"line":51,"column":4},"end":{"line":55,"column":5}}]},"12":{"loc":{"start":{"line":77,"column":4},"end":{"line":81,"column":5}},"type":"if","locations":[{"start":{"line":77,"column":4},"end":{"line":81,"column":5}}]},"13":{"loc":{"start":{"line":83,"column":4},"end":{"line":86,"column":5}},"type":"if","locations":[{"start":{"line":83,"column":4},"end":{"line":86,"column":5}}]},"14":{"loc":{"start":{"line":91,"column":6},"end":{"line":101,"column":15}},"type":"cond-expr","locations":[{"start":{"line":92,"column":9},"end":{"line":99,"column":null}},{"start":{"line":101,"column":10},"end":{"line":101,"column":15}}]},"15":{"loc":{"start":{"line":109,"column":4},"end":{"line":112,"column":5}},"type":"if","locations":[{"start":{"line":109,"column":4},"end":{"line":112,"column":5}}]}},"s":{"0":1,"1":1,"2":1,"3":9,"4":9,"5":8,"6":1,"7":9,"8":1,"9":9,"10":2,"11":9,"12":1,"13":6,"14":6,"15":6,"16":4,"17":4,"18":4,"19":4,"20":1,"21":4,"22":6,"23":6,"24":6,"25":1,"26":1,"27":5,"28":5,"29":5,"30":5,"31":3,"32":3,"33":3,"34":3,"35":3,"36":1,"37":1,"38":2,"39":1,"40":1,"41":1,"42":1,"43":1,"44":1,"45":2,"46":2,"47":1,"48":2,"49":1,"50":1,"51":1,"52":1,"53":1},"f":{"0":9,"1":8,"2":6,"3":6,"4":4,"5":4,"6":4,"7":6,"8":6,"9":3,"10":3,"11":3,"12":1,"13":2,"14":2,"15":1,"16":1},"b":{"0":[1],"1":[9,8],"2":[1],"3":[9,8],"4":[0,9],"5":[9,9],"6":[2],"7":[9,8],"8":[1,8],"9":[9,8],"10":[1],"11":[1],"12":[1],"13":[1],"14":[1,0],"15":[1]}}
,"/home/pnkazlou/Programming/INCUBATOR/backend-app/src/videos/videos.router.ts": {"path":"/home/pnkazlou/Programming/INCUBATOR/backend-app/src/videos/videos.router.ts","statementMap":{"0":{"start":{"line":1,"column":0},"end":{"line":1,"column":33}},"1":{"start":{"line":2,"column":0},"end":{"line":2,"column":55}},"2":{"start":{"line":4,"column":13},"end":{"line":4,"column":36}},"3":{"start":{"line":6,"column":0},"end":{"line":6,"column":49}},"4":{"start":{"line":7,"column":0},"end":{"line":7,"column":51}},"5":{"start":{"line":8,"column":0},"end":{"line":8,"column":52}},"6":{"start":{"line":9,"column":0},"end":{"line":9,"column":54}},"7":{"start":{"line":10,"column":0},"end":{"line":10,"column":57}}},"fnMap":{},"branchMap":{},"s":{"0":1,"1":1,"2":1,"3":1,"4":1,"5":1,"6":1,"7":1},"f":{},"b":{}}
}
