TN:
SF:__tests__/datasets.ts
FNF:0
FNH:0
DA:2,1
DA:6,1
DA:19,1
LF:3
LH:3
BRF:0
BRH:0
end_of_record
TN:
SF:__tests__/test-helpers.ts
FNF:0
FNH:0
DA:1,1
DA:2,1
DA:4,1
LF:3
LH:3
BRF:0
BRH:0
end_of_record
TN:
SF:src/app.ts
FN:12,(anonymous_1)
FNF:1
FNH:0
FNDA:0,(anonymous_1)
DA:1,1
DA:2,1
DA:3,1
DA:5,1
DA:7,1
DA:8,1
DA:10,1
DA:12,1
DA:14,0
LF:9
LH:8
BRF:0
BRH:0
end_of_record
TN:
SF:src/settings.ts
FNF:0
FNH:0
DA:1,1
DA:2,1
DA:4,1
LF:3
LH:3
BRDA:6,0,0,1
BRDA:6,0,1,1
BRF:2
BRH:2
end_of_record
TN:
SF:src/db/db.ts
FN:14,(anonymous_0)
FNF:1
FNH:1
FNDA:6,(anonymous_0)
DA:8,1
DA:14,1
DA:15,6
DA:16,4
DA:18,4
DA:22,2
LF:6
LH:6
BRDA:15,0,0,4
BRDA:22,1,0,2
BRDA:22,1,1,0
BRF:3
BRH:2
end_of_record
TN:
SF:src/db/video-db-type.ts
FN:12,(anonymous_0)
FNF:1
FNH:1
FNDA:1,(anonymous_0)
DA:12,1
DA:13,1
DA:14,1
DA:15,1
DA:16,1
DA:17,1
DA:18,1
DA:19,1
DA:20,1
LF:9
LH:9
BRDA:12,0,0,1
BRDA:12,0,1,1
BRF:2
BRH:2
end_of_record
TN:
SF:src/videos/videos.controller.ts
FN:7,(anonymous_7)
FN:13,(anonymous_8)
FN:35,(anonymous_9)
FN:35,(anonymous_10)
FN:41,(anonymous_11)
FN:41,(anonymous_12)
FNF:6
FNH:6
FNDA:2,(anonymous_7)
FNDA:2,(anonymous_8)
FNDA:2,(anonymous_9)
FNDA:2,(anonymous_10)
FNDA:2,(anonymous_11)
FNDA:2,(anonymous_12)
DA:2,1
DA:5,1
DA:7,1
DA:8,2
DA:13,2
DA:14,0
DA:19,2
DA:20,1
DA:25,2
DA:26,1
DA:31,2
DA:34,1
DA:35,2
DA:36,2
DA:38,2
DA:41,2
DA:42,2
DA:43,2
DA:45,1
DA:46,1
DA:48,1
DA:50,1
DA:61,1
DA:63,1
LF:24
LH:23
BRDA:13,0,0,0
BRDA:13,1,0,2
BRDA:13,1,1,2
BRDA:19,2,0,1
BRDA:25,3,0,1
BRDA:43,4,0,1
BRF:6
BRH:5
end_of_record
TN:
SF:src/videos/videos.router.ts
FNF:0
FNH:0
DA:1,1
DA:2,1
DA:4,1
DA:6,1
DA:7,1
LF:5
LH:5
BRF:0
BRH:0
end_of_record
