TN:
SF:__tests__/datasets.ts
FNF:0
FNH:0
DA:2,1
DA:6,1
DA:19,1
LF:3
LH:3
BRF:0
BRH:0
end_of_record
TN:
SF:__tests__/test-helpers.ts
FNF:0
FNH:0
DA:1,1
DA:2,1
DA:4,1
LF:3
LH:3
BRF:0
BRH:0
end_of_record
TN:
SF:src/app.ts
FN:14,(anonymous_1)
FN:19,(anonymous_2)
FNF:2
FNH:0
FNDA:0,(anonymous_1)
FNDA:0,(anonymous_2)
DA:1,1
DA:2,1
DA:3,1
DA:4,1
DA:5,1
DA:7,1
DA:9,1
DA:10,1
DA:12,1
DA:14,1
DA:16,0
DA:19,1
DA:20,0
DA:21,0
LF:14
LH:11
BRF:0
BRH:0
end_of_record
TN:
SF:src/settings.ts
FNF:0
FNH:0
DA:1,1
DA:2,1
DA:4,1
LF:3
LH:3
BRDA:6,0,0,1
BRDA:6,0,1,1
BRF:2
BRH:2
end_of_record
TN:
SF:src/db/db.ts
FN:14,(anonymous_0)
FNF:1
FNH:1
FNDA:10,(anonymous_0)
DA:8,1
DA:14,1
DA:15,10
DA:16,8
DA:18,8
DA:22,2
LF:6
LH:6
BRDA:15,0,0,8
BRDA:22,1,0,2
BRDA:22,1,1,0
BRF:3
BRH:2
end_of_record
TN:
SF:src/db/video-db-type.ts
FN:12,(anonymous_0)
FNF:1
FNH:1
FNDA:1,(anonymous_0)
DA:12,1
DA:13,1
DA:14,1
DA:15,1
DA:16,1
DA:17,1
DA:18,1
DA:19,1
DA:20,1
LF:9
LH:9
BRDA:12,0,0,1
BRDA:12,0,1,1
BRF:2
BRH:2
end_of_record
TN:
SF:src/videos/videos.controller.ts
FN:7,(anonymous_7)
FN:13,(anonymous_8)
FN:35,(anonymous_9)
FN:35,(anonymous_10)
FN:40,(anonymous_11)
FN:40,(anonymous_12)
FN:41,(anonymous_13)
FN:49,(anonymous_14)
FN:49,(anonymous_15)
FN:73,(anonymous_16)
FN:73,(anonymous_17)
FN:74,(anonymous_18)
FN:83,(anonymous_19)
FN:99,(anonymous_20)
FN:99,(anonymous_21)
FN:100,(anonymous_22)
FN:107,(anonymous_23)
FNF:17
FNH:17
FNDA:5,(anonymous_7)
FNDA:5,(anonymous_8)
FNDA:4,(anonymous_9)
FNDA:4,(anonymous_10)
FNDA:3,(anonymous_11)
FNDA:3,(anonymous_12)
FNDA:3,(anonymous_13)
FNDA:5,(anonymous_14)
FNDA:5,(anonymous_15)
FNDA:1,(anonymous_16)
FNDA:1,(anonymous_17)
FNDA:1,(anonymous_18)
FNDA:1,(anonymous_19)
FNDA:2,(anonymous_20)
FNDA:2,(anonymous_21)
FNDA:1,(anonymous_22)
FNDA:1,(anonymous_23)
DA:2,1
DA:5,1
DA:7,1
DA:8,5
DA:13,5
DA:14,0
DA:19,5
DA:20,1
DA:25,5
DA:26,1
DA:31,5
DA:34,1
DA:35,4
DA:36,4
DA:38,4
DA:40,3
DA:41,3
DA:43,3
DA:44,1
DA:47,3
DA:49,5
DA:50,5
DA:51,5
DA:53,1
DA:54,1
DA:56,4
DA:58,4
DA:69,4
DA:71,4
DA:73,1
DA:74,1
DA:76,1
DA:77,0
DA:78,0
DA:81,1
DA:83,1
DA:84,1
DA:97,1
DA:99,2
DA:100,2
DA:102,2
DA:103,1
DA:104,1
DA:107,1
DA:108,1
LF:45
LH:42
BRDA:13,0,0,0
BRDA:13,1,0,5
BRDA:13,1,1,5
BRDA:19,2,0,1
BRDA:25,3,0,1
BRDA:43,4,0,1
BRDA:51,5,0,1
BRDA:76,6,0,0
BRDA:84,7,0,1
BRDA:84,7,1,0
BRDA:102,8,0,1
BRF:11
BRH:8
end_of_record
TN:
SF:src/videos/videos.router.ts
FNF:0
FNH:0
DA:1,1
DA:2,1
DA:4,1
DA:6,1
DA:7,1
DA:8,1
DA:9,1
DA:10,1
LF:8
LH:8
BRF:0
BRH:0
end_of_record
